Log file open, 03/10/15 15:35:00
LogInit:Display: Running engine for game: KinectProject
LogInit: Version: 4.6.1-0+UE4
LogInit: API Version: 0
LogInit: Compiled (64-bit): Jan 28 2015 12:16:46
LogInit: Compiled with Visual C++: 18.00.21005.01
LogInit: Build Configuration: Development
LogInit: Branch Name: UE4
LogInit: Command line: 
LogInit: Base directory: E:/Unreal_Source/UnrealEngine-4.6.1-release/Engine/Binaries/Win64/
LogInit: Rocket: 0
[2015.03.10-07.35.00:023][  0]LogTaskGraph: Started task graph with 3 named threads and 6 total threads.
[2015.03.10-07.35.00:085][  0]LogOnline:Warning: No default platform service specified for OnlineSubsystem
[2015.03.10-07.35.00:145][  0]LogInit: Presizing for 0 objects not considered by GC, pre-allocating 0 bytes.
[2015.03.10-07.35.00:153][  0]LogInit: Object subsystem initialized
[2015.03.10-07.35.00:154][  0]LogConsoleResponse:Warning: Skipping Unknown console variable: 'UIScaleRule = ShortestSide'
[2015.03.10-07.35.00:154][  0]LogConsoleResponse:Warning:   Found in ini file 'E:/UE4_Projects/KinectProject/Saved/Config/Windows/Engine.ini', in section '[/Script/Engine.RendererSettings]'
[2015.03.10-07.35.00:154][  0]LogConsoleResponse:Warning: Skipping Unknown console variable: 'UIScaleCurve = (EditorCurveData=(Keys=),ExternalCurve=None)'
[2015.03.10-07.35.00:154][  0]LogConsoleResponse:Warning:   Found in ini file 'E:/UE4_Projects/KinectProject/Saved/Config/Windows/Engine.ini', in section '[/Script/Engine.RendererSettings]'
[2015.03.10-07.35.00:155][  0]LogConsoleManager:Warning: Console variable 'r.MSAA.CompositingSampleCount' wasn't set (Priority ProjectSetting < Scalability)
[2015.03.10-07.35.00:155][  0]LogInit: Selected Device Profile: [Windows]
[2015.03.10-07.35.00:155][  0]LogInit: Applying CVar settings loaded from the selected device profile: [Windows]
[2015.03.10-07.35.00:190][  0]LogInit: Computer: PITTWANG-PC2
[2015.03.10-07.35.00:190][  0]LogInit: User: pittwang
[2015.03.10-07.35.00:190][  0]LogInit: CPU Page size=4096, Cores=4
[2015.03.10-07.35.00:191][  0]LogInit: High frequency timer resolution =3.312939 MHz
[2015.03.10-07.35.00:191][  0]LogMemory: Memory total: Physical=8.0GB (8GB approx) Virtual=8192.0GB
[2015.03.10-07.35.00:191][  0]LogMemory: Platform Memory Stats for Windows
[2015.03.10-07.35.00:191][  0]LogMemory: Process Physical Memory: 50.45 MB used, 50.45 MB peak
[2015.03.10-07.35.00:191][  0]LogMemory: Process Virtual Memory: 27.46 MB used, 27.79 MB peak
[2015.03.10-07.35.00:191][  0]LogMemory: Physical Memory: 5357.39 MB used, 8150.11 MB total
[2015.03.10-07.35.00:191][  0]LogMemory: Virtual Memory: 262.50 MB used, 8388608.00 MB total
[2015.03.10-07.35.00:232][  0]LogD3D11RHI: Found D3D11 adapter 0: NVIDIA GeForce GTX 560 Ti   (Feature Level 11_0)
[2015.03.10-07.35.00:232][  0]LogD3D11RHI: Adapter has 977MB of dedicated video memory, 0MB of dedicated system memory, and 3071MB of shared system memory, 2 output[s]
[2015.03.10-07.35.00:233][  0]LogD3D11RHI: Chosen D3D11 Adapter Id = 0
[2015.03.10-07.35.00:238][  0]LogRHI: Texture pool is 684 MB (70% of 977 MB)
[2015.03.10-07.35.00:245][  0]LogD3D11RHI: Async texture creation enabled
[2015.03.10-07.35.00:858][  0]LogContentStreaming: Texture pool size is 0.000000MB
[2015.03.10-07.35.07:745][  0]LogTargetPlatformManager:Display: Building Assets For Windows
[2015.03.10-07.35.09:035][  0]LogTargetPlatformManager:Display: Building Assets For Windows
[2015.03.10-07.35.09:096][  0]LogDerivedDataCache:Display: Max Cache Size: 512 MB
[2015.03.10-07.35.09:493][  0]LogDerivedDataCache: Loaded boot cache 0.40s 40MB ../../../../../UE4_Projects/KinectProject/DerivedDataCache/Boot.ddc.
[2015.03.10-07.35.09:493][  0]LogDerivedDataCache:Display: Loaded Boot cache: ../../../../../UE4_Projects/KinectProject/DerivedDataCache/Boot.ddc
[2015.03.10-07.35.09:493][  0]LogDerivedDataCache: FDerivedDataBackendGraph:  Pak pak cache file ../../../../../UE4_Projects/KinectProject/DerivedDataCache/DDC.ddp not found, will not use a pak cache.
[2015.03.10-07.35.09:493][  0]LogDerivedDataCache: Unable to find inner node Pak for hierarchical cache Hierarchy.
[2015.03.10-07.35.09:494][  0]LogDerivedDataCache: FDerivedDataBackendGraph:  EnginePak pak cache file ../../../Engine/DerivedDataCache/DDC.ddp not found, will not use a pak cache.
[2015.03.10-07.35.09:494][  0]LogDerivedDataCache: Unable to find inner node EnginePak for hierarchical cache Hierarchy.
[2015.03.10-07.35.09:507][  0]LogDerivedDataCache: Using Local data cache path ../../../Engine/DerivedDataCache: Writable
[2015.03.10-07.35.09:507][  0]LogDerivedDataCache: Shared data cache path not found in *engine.ini, will not use an Shared cache.
[2015.03.10-07.35.09:507][  0]LogDerivedDataCache: Unable to find inner node Shared for hierarchical cache Hierarchy.
[2015.03.10-07.35.11:577][  0]LogCollisionProfile:Warning: Profile (UI) - Custom Channel Name = 'Weapon' hasn't been found
[2015.03.10-07.35.11:774][  0]LogMeshUtilities: No automatic mesh reduction module available
[2015.03.10-07.35.11:775][  0]LogMeshUtilities: No automatic mesh merging module available
[2015.03.10-07.35.12:488][  0]LogInit: WinSock: version 1.1 (2.2), MaxSocks=32767, MaxUdp=65467
[2015.03.10-07.35.12:608][  0]LogSlate:Warning: Failed to load font data from '../../../Engine/Content/Slate/Fonts/Roboto-Italic.ttf'
[2015.03.10-07.35.21:970][  0]UdpMessaging: Initializing bridge on interface 0.0.0.0:0 to multicast group 230.0.0.1:6666.
[2015.03.10-07.35.22:321][  0]LogDirectoryWatcher:Warning: Failed to begin reading directory changes for E:/UE4_Projects/KinectProject/Binaries/Win64. Error: 0
[2015.03.10-07.35.22:527][  0]SourceControl: 信息 源码控制已禁用
[2015.03.10-07.35.22:527][  0]SourceControl: 信息 源码控制已禁用
[2015.03.10-07.35.22:535][  0]SourceControl: 信息 源码控制已禁用
[2015.03.10-07.35.23:120][  0]LogAnimation:Warning: UAnimMontage::PostLoad: The actual sequence length for montage FPP_Fire_Montage does not match the length stored in the asset, please resave the montage asset.
[2015.03.10-07.35.23:292][  0]LogObj: 29728 objects as part of root set at end of initial load.
[2015.03.10-07.35.23:292][  0]LogUObjectAllocator: 7203928 out of 0 bytes used by permanent object pool.
[2015.03.10-07.35.23:368][  0]LogEngine: Initializing Engine...
[2015.03.10-07.35.23:561][  0]LogInit: XAudio2 using '扬声器 (Realtek High Definition Audio)' : 2 channels at 48 kHz using 32 bits per sample (channel mask 0x3)
[2015.03.10-07.35.23:578][  0]LogInit: FAudioDevice initialized.
[2015.03.10-07.35.23:621][  0]LogAIModule: Creating AISystem for world NewWorld
[2015.03.10-07.35.23:642][  0]LogDerivedDataCache: Saved boot cache 0.02s 40MB ../../../../../UE4_Projects/KinectProject/DerivedDataCache/Boot.ddc.
[2015.03.10-07.35.23:647][  0]LogInit: Texture streaming: Enabled
[2015.03.10-07.35.23:686][  0]LogAnalytics: Creating configured Analytics provider AnalyticsET
[2015.03.10-07.35.23:686][  0]LogAnalytics: ET APIKey = UnrealEngine.Release. APIServer = http://etsource.epicgames.com/ET2/. AppVersion = 4.6.1-0+UE4
[2015.03.10-07.35.23:689][  0]LogAnalytics: SetUserId 85b49a36821ba29c0e315a1936e2fee7
[2015.03.10-07.35.23:689][  0]LogAnalytics: AnalyticsET::StartSession [UnrealEngine.Release]
[2015.03.10-07.35.23:721][  0]LogInit: Transaction tracking system initialized
[2015.03.10-07.35.23:879][  0]BlueprintLog: New page: 编辑器加载
[2015.03.10-07.35.23:940][  0]LogAssetRegistry: FAssetRegistry took 0.0102 seconds to start up
[2015.03.10-07.35.23:940][  0]LogDirectoryWatcher:Warning: Failed to begin reading directory changes for ../../../Engine/Plugins/Experimental/CharacterAI/Content/. Error: 0
[2015.03.10-07.35.25:615][  0]LogTargetPlatformManager:Display: Building Assets For Windows
[2015.03.10-07.35.26:631][  0]LogTargetPlatformManager:Display: Building Assets For Windows
[2015.03.10-07.35.26:970][  0]LogConsoleResponse:Display: 
[2015.03.10-07.35.27:875][  0]SourceControl: 信息 源码控制已禁用
[2015.03.10-07.35.27:875][  0]Cmd: MAP LOAD FILE="../../../../../UE4_Projects/KinectProject/Content/Maps/Example_Map.umap" TEMPLATE=0 SHOWPROGRESS=1
[2015.03.10-07.35.27:887][  0]LightingResults: New page: 光照构建
[2015.03.10-07.35.27:897][  0]MapCheck: New page: 地图检测
[2015.03.10-07.35.27:897][  0]LightingResults: New page: 光照构建
[2015.03.10-07.35.27:906][  0]LogParticles: Destroying 0 GPU particle simulations for FXSystem 0x0000000016CDE480
[2015.03.10-07.35.28:502][  0]LogEditorServer: Finished looking for orphan Actors (0.000 secs)
[2015.03.10-07.35.28:502][  0]LogAIModule: Creating AISystem for world Example_Map
[2015.03.10-07.35.28:503][  0]Cmd: MAP CHECKDEP
[2015.03.10-07.35.28:503][  0]MapCheck: New page: Example_Map - 2015年3月10日 下午11:35:28
[2015.03.10-07.35.28:582][  0]MapCheck: 信息 地图检测完成：0个错误，0 个警告，用时79.198毫秒完成。
[2015.03.10-07.35.28:582][  0]LogFileHelpers: Loading map 'Example_Map' took 0.707
[2015.03.10-07.35.28:676][  0]LogCollectionManager: Loaded 0 collections in 0.001083 seconds
[2015.03.10-07.35.29:338][  0]LogCrashTracker: Crashtracker disabled due to settings.
[2015.03.10-07.35.29:344][  0]LogUObjectGlobals:Warning: 寻找对象'Class 无.'失败
[2015.03.10-07.35.29:381][  0]LogLoad: Full Startup: 32.94 seconds (BP compile: 0.17 seconds)
[2015.03.10-07.35.29:397][  0]LogContentBrowser:Verbose: The content browser source was changed by the sources view to '/Game/Blueprints'
[2015.03.10-07.35.29:627][  0]LogRenderer:Warning: Reallocating scene render targets to support 1136x944.
[2015.03.10-07.35.30:428][  2]LogAssetRegistry: Asset discovery search completed in 6.4977 seconds
[2015.03.10-07.35.45:579][476]LogPlayLevel: PIE:  No blueprints needed recompiling
[2015.03.10-07.35.45:579][476]PIE: New page: PIE会话: Example_Map (2015年3月10日 下午11:35:45)
[2015.03.10-07.35.45:606][476]LogPlayLevel: PIE: StaticDuplicateObject took: (0.026568s)
[2015.03.10-07.35.45:608][476]LogPlayLevel: PIE: World Init took: (0.002191s)
[2015.03.10-07.35.45:608][476]LogPlayLevel: PIE: Created PIE world by copying editor world from /Game/Maps/Example_Map.Example_Map to /Game/Maps/UEDPIE_0_Example_Map.Example_Map (0.029053s)
[2015.03.10-07.35.45:774][476]BlueprintLog:Warning: 警告 蓝图MyHUD已被迁移并需要重新保存以防止导入错误
[2015.03.10-07.35.45:776][476]LogWorld: Game class is 'KinectBluePrintsGameMode_C'
[2015.03.10-07.35.45:778][476]LogAIModule: Creating AISystem for world Example_Map
[2015.03.10-07.35.45:779][476]LogWorld: Bringing World /Game/Maps/UEDPIE_0_Example_Map.Example_Map up for play (max tick rate 0) at 2015.03.10-15.35.45
[2015.03.10-07.35.45:780][476]LogWorld: Bringing up level for play took: 0.001554
[2015.03.10-07.35.45:966][476]PIE: 信息 /Game/Maps/UEDPIE_0_Example_Map的‘在编辑器中播放’的起始时间0.495
[2015.03.10-07.36.37:006][150]LogActorComponent: UnregisterComponent: (/Engine/Transient.ProjectileMovementComponent_0) Not registered. Aborting.
[2015.03.10-07.36.37:006][150]LogActorComponent: UnregisterComponent: (/Engine/Transient.CharacterMovementComponent_0) Not registered. Aborting.
[2015.03.10-07.36.37:006][150]LogActorComponent: UnregisterComponent: (/Engine/Transient.CharacterMovementComponent_1) Not registered. Aborting.
[2015.03.10-07.36.37:019][150]LogParticles: Destroying 0 GPU particle simulations for FXSystem 0x0000000018CA8C20
[2015.03.10-07.41.57:866][925]LogEditorViewport: Clicking on Actor (LMB): StaticMeshActor (Cube06)
[2015.03.10-07.41.58:062][925]LogPropertyNode:Warning: UI Min (0.001) >= UI Max () for Ranged Numeric
[2015.03.10-07.42.08:697][ 97]LogContentBrowser:Verbose: The content browser source was changed by the sources view to 'None'
[2015.03.10-07.42.08:698][ 97]LogContentBrowser:Verbose: The content browser source was changed by the sources view to '/Game/Meshes'
[2015.03.10-07.42.11:199][356]LogTexture:Display: 正在构建贴图: {textureName} ({textureFormatName})
[2015.03.10-07.42.11:520][356]LogRenderer:Warning: Reallocating scene render targets to support 1192x1016.
[2015.03.10-07.42.38:880][305]LogEditorViewport: Clicking on Actor (LMB): StaticMeshActor (Cube06)
[2015.03.10-07.42.38:888][305]LogPropertyNode:Warning: UI Min (0.001) >= UI Max () for Ranged Numeric
[2015.03.10-07.44.08:553][958]LogPhysics:Warning: PHYSX: ..\..\PhysX\src\NpShape.cpp (657) 4 : NpShape::setFlag(s): triangle mesh, heightfield and plane shapes can only be simulation shapes if part of a PxRigidStatic!
[2015.03.10-07.44.08:580][959]LogPhysics:Warning: PHYSX: ..\..\PhysX\src\NpShape.cpp (657) 4 : NpShape::setFlag(s): triangle mesh, heightfield and plane shapes can only be simulation shapes if part of a PxRigidStatic!
[2015.03.10-07.44.08:594][960]LogPhysics:Warning: PHYSX: ..\..\PhysX\src\NpShape.cpp (657) 4 : NpShape::setFlag(s): triangle mesh, heightfield and plane shapes can only be simulation shapes if part of a PxRigidStatic!
[2015.03.10-07.44.08:608][961]LogPhysics:Warning: PHYSX: ..\..\PhysX\src\NpShape.cpp (657) 4 : NpShape::setFlag(s): triangle mesh, heightfield and plane shapes can only be simulation shapes if part of a PxRigidStatic!
[2015.03.10-07.44.08:628][962]LogPhysics:Warning: PHYSX: ..\..\PhysX\src\NpShape.cpp (657) 4 : NpShape::setFlag(s): triangle mesh, heightfield and plane shapes can only be simulation shapes if part of a PxRigidStatic!
[2015.03.10-07.44.08:641][963]LogPhysics:Warning: PHYSX: ..\..\PhysX\src\NpShape.cpp (657) 4 : NpShape::setFlag(s): triangle mesh, heightfield and plane shapes can only be simulation shapes if part of a PxRigidStatic!
[2015.03.10-07.44.08:655][964]LogPhysics:Warning: PHYSX: ..\..\PhysX\src\NpShape.cpp (657) 4 : NpShape::setFlag(s): triangle mesh, heightfield and plane shapes can only be simulation shapes if part of a PxRigidStatic!
[2015.03.10-07.44.08:672][965]LogPhysics:Warning: PHYSX: ..\..\PhysX\src\NpShape.cpp (657) 4 : NpShape::setFlag(s): triangle mesh, heightfield and plane shapes can only be simulation shapes if part of a PxRigidStatic!
[2015.03.10-07.44.08:690][966]LogPhysics:Warning: PHYSX: ..\..\PhysX\src\NpShape.cpp (657) 4 : NpShape::setFlag(s): triangle mesh, heightfield and plane shapes can only be simulation shapes if part of a PxRigidStatic!
[2015.03.10-07.44.08:712][967]LogPhysics:Warning: PHYSX: ..\..\PhysX\src\NpShape.cpp (657) 4 : NpShape::setFlag(s): triangle mesh, heightfield and plane shapes can only be simulation shapes if part of a PxRigidStatic!
[2015.03.10-07.44.08:729][968]LogPhysics:Warning: PHYSX: ..\..\PhysX\src\NpShape.cpp (657) 4 : NpShape::setFlag(s): triangle mesh, heightfield and plane shapes can only be simulation shapes if part of a PxRigidStatic!
[2015.03.10-07.44.08:748][969]LogPhysics:Warning: PHYSX: ..\..\PhysX\src\NpShape.cpp (657) 4 : NpShape::setFlag(s): triangle mesh, heightfield and plane shapes can only be simulation shapes if part of a PxRigidStatic!
[2015.03.10-07.44.08:766][970]LogPhysics:Warning: PHYSX: ..\..\PhysX\src\NpShape.cpp (657) 4 : NpShape::setFlag(s): triangle mesh, heightfield and plane shapes can only be simulation shapes if part of a PxRigidStatic!
[2015.03.10-07.44.08:785][971]LogPhysics:Warning: PHYSX: ..\..\PhysX\src\NpShape.cpp (657) 4 : NpShape::setFlag(s): triangle mesh, heightfield and plane shapes can only be simulation shapes if part of a PxRigidStatic!
[2015.03.10-07.44.08:798][972]LogPhysics:Warning: PHYSX: ..\..\PhysX\src\NpShape.cpp (657) 4 : NpShape::setFlag(s): triangle mesh, heightfield and plane shapes can only be simulation shapes if part of a PxRigidStatic!
[2015.03.10-07.44.08:816][973]LogPhysics:Warning: PHYSX: ..\..\PhysX\src\NpShape.cpp (657) 4 : NpShape::setFlag(s): triangle mesh, heightfield and plane shapes can only be simulation shapes if part of a PxRigidStatic!
[2015.03.10-07.44.08:834][974]LogPhysics:Warning: PHYSX: ..\..\PhysX\src\NpShape.cpp (657) 4 : NpShape::setFlag(s): triangle mesh, heightfield and plane shapes can only be simulation shapes if part of a PxRigidStatic!
[2015.03.10-07.44.08:852][975]LogPhysics:Warning: PHYSX: ..\..\PhysX\src\NpShape.cpp (657) 4 : NpShape::setFlag(s): triangle mesh, heightfield and plane shapes can only be simulation shapes if part of a PxRigidStatic!
[2015.03.10-07.44.08:871][976]LogPhysics:Warning: PHYSX: ..\..\PhysX\src\NpShape.cpp (657) 4 : NpShape::setFlag(s): triangle mesh, heightfield and plane shapes can only be simulation shapes if part of a PxRigidStatic!
[2015.03.10-07.44.08:888][977]LogPhysics:Warning: PHYSX: ..\..\PhysX\src\NpShape.cpp (657) 4 : NpShape::setFlag(s): triangle mesh, heightfield and plane shapes can only be simulation shapes if part of a PxRigidStatic!
[2015.03.10-07.44.08:904][978]LogPhysics:Warning: PHYSX: ..\..\PhysX\src\NpShape.cpp (657) 4 : NpShape::setFlag(s): triangle mesh, heightfield and plane shapes can only be simulation shapes if part of a PxRigidStatic!
[2015.03.10-07.44.08:922][979]LogPhysics:Warning: PHYSX: ..\..\PhysX\src\NpShape.cpp (657) 4 : NpShape::setFlag(s): triangle mesh, heightfield and plane shapes can only be simulation shapes if part of a PxRigidStatic!
[2015.03.10-07.44.08:939][980]LogPhysics:Warning: PHYSX: ..\..\PhysX\src\NpShape.cpp (657) 4 : NpShape::setFlag(s): triangle mesh, heightfield and plane shapes can only be simulation shapes if part of a PxRigidStatic!
[2015.03.10-07.44.08:956][981]LogPhysics:Warning: PHYSX: ..\..\PhysX\src\NpShape.cpp (657) 4 : NpShape::setFlag(s): triangle mesh, heightfield and plane shapes can only be simulation shapes if part of a PxRigidStatic!
[2015.03.10-07.44.08:973][982]LogPhysics:Warning: PHYSX: ..\..\PhysX\src\NpShape.cpp (657) 4 : NpShape::setFlag(s): triangle mesh, heightfield and plane shapes can only be simulation shapes if part of a PxRigidStatic!
[2015.03.10-07.44.08:990][983]LogPhysics:Warning: PHYSX: ..\..\PhysX\src\NpShape.cpp (657) 4 : NpShape::setFlag(s): triangle mesh, heightfield and plane shapes can only be simulation shapes if part of a PxRigidStatic!
[2015.03.10-07.44.09:007][984]LogPhysics:Warning: PHYSX: ..\..\PhysX\src\NpShape.cpp (657) 4 : NpShape::setFlag(s): triangle mesh, heightfield and plane shapes can only be simulation shapes if part of a PxRigidStatic!
[2015.03.10-07.44.09:024][985]LogPhysics:Warning: PHYSX: ..\..\PhysX\src\NpShape.cpp (657) 4 : NpShape::setFlag(s): triangle mesh, heightfield and plane shapes can only be simulation shapes if part of a PxRigidStatic!
[2015.03.10-07.44.09:041][986]LogPhysics:Warning: PHYSX: ..\..\PhysX\src\NpShape.cpp (657) 4 : NpShape::setFlag(s): triangle mesh, heightfield and plane shapes can only be simulation shapes if part of a PxRigidStatic!
[2015.03.10-07.44.09:057][987]LogPhysics:Warning: PHYSX: ..\..\PhysX\src\NpShape.cpp (657) 4 : NpShape::setFlag(s): triangle mesh, heightfield and plane shapes can only be simulation shapes if part of a PxRigidStatic!
[2015.03.10-07.44.09:073][988]LogPhysics:Warning: PHYSX: ..\..\PhysX\src\NpShape.cpp (657) 4 : NpShape::setFlag(s): triangle mesh, heightfield and plane shapes can only be simulation shapes if part of a PxRigidStatic!
[2015.03.10-07.44.09:089][989]LogPhysics:Warning: PHYSX: ..\..\PhysX\src\NpShape.cpp (657) 4 : NpShape::setFlag(s): triangle mesh, heightfield and plane shapes can only be simulation shapes if part of a PxRigidStatic!
[2015.03.10-07.44.09:105][990]LogPhysics:Warning: PHYSX: ..\..\PhysX\src\NpShape.cpp (657) 4 : NpShape::setFlag(s): triangle mesh, heightfield and plane shapes can only be simulation shapes if part of a PxRigidStatic!
[2015.03.10-07.44.09:121][991]LogPhysics:Warning: PHYSX: ..\..\PhysX\src\NpShape.cpp (657) 4 : NpShape::setFlag(s): triangle mesh, heightfield and plane shapes can only be simulation shapes if part of a PxRigidStatic!
[2015.03.10-07.44.09:137][992]LogPhysics:Warning: PHYSX: ..\..\PhysX\src\NpShape.cpp (657) 4 : NpShape::setFlag(s): triangle mesh, heightfield and plane shapes can only be simulation shapes if part of a PxRigidStatic!
[2015.03.10-07.44.09:153][993]LogPhysics:Warning: PHYSX: ..\..\PhysX\src\NpShape.cpp (657) 4 : NpShape::setFlag(s): triangle mesh, heightfield and plane shapes can only be simulation shapes if part of a PxRigidStatic!
[2015.03.10-07.44.09:167][994]LogPhysics:Warning: PHYSX: ..\..\PhysX\src\NpShape.cpp (657) 4 : NpShape::setFlag(s): triangle mesh, heightfield and plane shapes can only be simulation shapes if part of a PxRigidStatic!
[2015.03.10-07.44.09:182][995]LogPhysics:Warning: PHYSX: ..\..\PhysX\src\NpShape.cpp (657) 4 : NpShape::setFlag(s): triangle mesh, heightfield and plane shapes can only be simulation shapes if part of a PxRigidStatic!
[2015.03.10-07.44.09:198][996]LogPhysics:Warning: PHYSX: ..\..\PhysX\src\NpShape.cpp (657) 4 : NpShape::setFlag(s): triangle mesh, heightfield and plane shapes can only be simulation shapes if part of a PxRigidStatic!
[2015.03.10-07.44.09:213][997]LogPhysics:Warning: PHYSX: ..\..\PhysX\src\NpShape.cpp (657) 4 : NpShape::setFlag(s): triangle mesh, heightfield and plane shapes can only be simulation shapes if part of a PxRigidStatic!
[2015.03.10-07.44.09:229][998]LogPhysics:Warning: PHYSX: ..\..\PhysX\src\NpShape.cpp (657) 4 : NpShape::setFlag(s): triangle mesh, heightfield and plane shapes can only be simulation shapes if part of a PxRigidStatic!
[2015.03.10-07.44.09:244][999]LogPhysics:Warning: PHYSX: ..\..\PhysX\src\NpShape.cpp (657) 4 : NpShape::setFlag(s): triangle mesh, heightfield and plane shapes can only be simulation shapes if part of a PxRigidStatic!
[2015.03.10-07.44.09:260][  0]LogPhysics:Warning: PHYSX: ..\..\PhysX\src\NpShape.cpp (657) 4 : NpShape::setFlag(s): triangle mesh, heightfield and plane shapes can only be simulation shapes if part of a PxRigidStatic!
[2015.03.10-07.44.09:275][  1]LogPhysics:Warning: PHYSX: ..\..\PhysX\src\NpShape.cpp (657) 4 : NpShape::setFlag(s): triangle mesh, heightfield and plane shapes can only be simulation shapes if part of a PxRigidStatic!
[2015.03.10-07.44.09:291][  2]LogPhysics:Warning: PHYSX: ..\..\PhysX\src\NpShape.cpp (657) 4 : NpShape::setFlag(s): triangle mesh, heightfield and plane shapes can only be simulation shapes if part of a PxRigidStatic!
[2015.03.10-07.44.09:307][  3]LogPhysics:Warning: PHYSX: ..\..\PhysX\src\NpShape.cpp (657) 4 : NpShape::setFlag(s): triangle mesh, heightfield and plane shapes can only be simulation shapes if part of a PxRigidStatic!
[2015.03.10-07.44.09:322][  4]LogPhysics:Warning: PHYSX: ..\..\PhysX\src\NpShape.cpp (657) 4 : NpShape::setFlag(s): triangle mesh, heightfield and plane shapes can only be simulation shapes if part of a PxRigidStatic!
[2015.03.10-07.44.09:345][  5]LogPhysics:Warning: PHYSX: ..\..\PhysX\src\NpShape.cpp (657) 4 : NpShape::setFlag(s): triangle mesh, heightfield and plane shapes can only be simulation shapes if part of a PxRigidStatic!
[2015.03.10-07.44.09:364][  6]LogPhysics:Warning: PHYSX: ..\..\PhysX\src\NpShape.cpp (657) 4 : NpShape::setFlag(s): triangle mesh, heightfield and plane shapes can only be simulation shapes if part of a PxRigidStatic!
[2015.03.10-07.44.09:383][  7]LogPhysics:Warning: PHYSX: ..\..\PhysX\src\NpShape.cpp (657) 4 : NpShape::setFlag(s): triangle mesh, heightfield and plane shapes can only be simulation shapes if part of a PxRigidStatic!
[2015.03.10-07.44.09:402][  8]LogPhysics:Warning: PHYSX: ..\..\PhysX\src\NpShape.cpp (657) 4 : NpShape::setFlag(s): triangle mesh, heightfield and plane shapes can only be simulation shapes if part of a PxRigidStatic!
[2015.03.10-07.44.09:422][  9]LogPhysics:Warning: PHYSX: ..\..\PhysX\src\NpShape.cpp (657) 4 : NpShape::setFlag(s): triangle mesh, heightfield and plane shapes can only be simulation shapes if part of a PxRigidStatic!
[2015.03.10-07.44.09:441][ 10]LogPhysics:Warning: PHYSX: ..\..\PhysX\src\NpShape.cpp (657) 4 : NpShape::setFlag(s): triangle mesh, heightfield and plane shapes can only be simulation shapes if part of a PxRigidStatic!
[2015.03.10-07.44.09:460][ 11]LogPhysics:Warning: PHYSX: ..\..\PhysX\src\NpShape.cpp (657) 4 : NpShape::setFlag(s): triangle mesh, heightfield and plane shapes can only be simulation shapes if part of a PxRigidStatic!
[2015.03.10-07.44.09:479][ 12]LogPhysics:Warning: PHYSX: ..\..\PhysX\src\NpShape.cpp (657) 4 : NpShape::setFlag(s): triangle mesh, heightfield and plane shapes can only be simulation shapes if part of a PxRigidStatic!
[2015.03.10-07.44.09:499][ 13]LogPhysics:Warning: PHYSX: ..\..\PhysX\src\NpShape.cpp (657) 4 : NpShape::setFlag(s): triangle mesh, heightfield and plane shapes can only be simulation shapes if part of a PxRigidStatic!
[2015.03.10-07.44.09:518][ 14]LogPhysics:Warning: PHYSX: ..\..\PhysX\src\NpShape.cpp (657) 4 : NpShape::setFlag(s): triangle mesh, heightfield and plane shapes can only be simulation shapes if part of a PxRigidStatic!
[2015.03.10-07.44.09:650][ 27]LogPhysics:Warning: PHYSX: ..\..\PhysX\src\NpShape.cpp (657) 4 : NpShape::setFlag(s): triangle mesh, heightfield and plane shapes can only be simulation shapes if part of a PxRigidStatic!
[2015.03.10-07.44.09:661][ 28]LogPhysics:Warning: PHYSX: ..\..\PhysX\src\NpShape.cpp (657) 4 : NpShape::setFlag(s): triangle mesh, heightfield and plane shapes can only be simulation shapes if part of a PxRigidStatic!
[2015.03.10-07.44.09:673][ 29]LogPhysics:Warning: PHYSX: ..\..\PhysX\src\NpShape.cpp (657) 4 : NpShape::setFlag(s): triangle mesh, heightfield and plane shapes can only be simulation shapes if part of a PxRigidStatic!
[2015.03.10-07.44.09:692][ 30]LogPhysics:Warning: PHYSX: ..\..\PhysX\src\NpShape.cpp (657) 4 : NpShape::setFlag(s): triangle mesh, heightfield and plane shapes can only be simulation shapes if part of a PxRigidStatic!
[2015.03.10-07.44.09:712][ 31]LogPhysics:Warning: PHYSX: ..\..\PhysX\src\NpShape.cpp (657) 4 : NpShape::setFlag(s): triangle mesh, heightfield and plane shapes can only be simulation shapes if part of a PxRigidStatic!
[2015.03.10-07.44.09:731][ 32]LogPhysics:Warning: PHYSX: ..\..\PhysX\src\NpShape.cpp (657) 4 : NpShape::setFlag(s): triangle mesh, heightfield and plane shapes can only be simulation shapes if part of a PxRigidStatic!
[2015.03.10-07.44.09:750][ 33]LogPhysics:Warning: PHYSX: ..\..\PhysX\src\NpShape.cpp (657) 4 : NpShape::setFlag(s): triangle mesh, heightfield and plane shapes can only be simulation shapes if part of a PxRigidStatic!
[2015.03.10-07.44.09:769][ 34]LogPhysics:Warning: PHYSX: ..\..\PhysX\src\NpShape.cpp (657) 4 : NpShape::setFlag(s): triangle mesh, heightfield and plane shapes can only be simulation shapes if part of a PxRigidStatic!
[2015.03.10-07.44.09:788][ 35]LogPhysics:Warning: PHYSX: ..\..\PhysX\src\NpShape.cpp (657) 4 : NpShape::setFlag(s): triangle mesh, heightfield and plane shapes can only be simulation shapes if part of a PxRigidStatic!
[2015.03.10-07.44.09:807][ 36]LogPhysics:Warning: PHYSX: ..\..\PhysX\src\NpShape.cpp (657) 4 : NpShape::setFlag(s): triangle mesh, heightfield and plane shapes can only be simulation shapes if part of a PxRigidStatic!
[2015.03.10-07.44.09:826][ 37]LogPhysics:Warning: PHYSX: ..\..\PhysX\src\NpShape.cpp (657) 4 : NpShape::setFlag(s): triangle mesh, heightfield and plane shapes can only be simulation shapes if part of a PxRigidStatic!
[2015.03.10-07.44.09:846][ 38]LogPhysics:Warning: PHYSX: ..\..\PhysX\src\NpShape.cpp (657) 4 : NpShape::setFlag(s): triangle mesh, heightfield and plane shapes can only be simulation shapes if part of a PxRigidStatic!
[2015.03.10-07.44.09:864][ 39]LogPhysics:Warning: PHYSX: ..\..\PhysX\src\NpShape.cpp (657) 4 : NpShape::setFlag(s): triangle mesh, heightfield and plane shapes can only be simulation shapes if part of a PxRigidStatic!
[2015.03.10-07.44.09:884][ 40]LogPhysics:Warning: PHYSX: ..\..\PhysX\src\NpShape.cpp (657) 4 : NpShape::setFlag(s): triangle mesh, heightfield and plane shapes can only be simulation shapes if part of a PxRigidStatic!
[2015.03.10-07.44.09:903][ 41]LogPhysics:Warning: PHYSX: ..\..\PhysX\src\NpShape.cpp (657) 4 : NpShape::setFlag(s): triangle mesh, heightfield and plane shapes can only be simulation shapes if part of a PxRigidStatic!
[2015.03.10-07.44.09:922][ 42]LogPhysics:Warning: PHYSX: ..\..\PhysX\src\NpShape.cpp (657) 4 : NpShape::setFlag(s): triangle mesh, heightfield and plane shapes can only be simulation shapes if part of a PxRigidStatic!
[2015.03.10-07.44.09:942][ 43]LogPhysics:Warning: PHYSX: ..\..\PhysX\src\NpShape.cpp (657) 4 : NpShape::setFlag(s): triangle mesh, heightfield and plane shapes can only be simulation shapes if part of a PxRigidStatic!
[2015.03.10-07.44.09:961][ 44]LogPhysics:Warning: PHYSX: ..\..\PhysX\src\NpShape.cpp (657) 4 : NpShape::setFlag(s): triangle mesh, heightfield and plane shapes can only be simulation shapes if part of a PxRigidStatic!
[2015.03.10-07.44.09:981][ 45]LogPhysics:Warning: PHYSX: ..\..\PhysX\src\NpShape.cpp (657) 4 : NpShape::setFlag(s): triangle mesh, heightfield and plane shapes can only be simulation shapes if part of a PxRigidStatic!
[2015.03.10-07.44.10:000][ 46]LogPhysics:Warning: PHYSX: ..\..\PhysX\src\NpShape.cpp (657) 4 : NpShape::setFlag(s): triangle mesh, heightfield and plane shapes can only be simulation shapes if part of a PxRigidStatic!
[2015.03.10-07.44.10:019][ 47]LogPhysics:Warning: PHYSX: ..\..\PhysX\src\NpShape.cpp (657) 4 : NpShape::setFlag(s): triangle mesh, heightfield and plane shapes can only be simulation shapes if part of a PxRigidStatic!
[2015.03.10-07.44.10:028][ 48]LogPhysics:Warning: PHYSX: ..\..\PhysX\src\NpShape.cpp (657) 4 : NpShape::setFlag(s): triangle mesh, heightfield and plane shapes can only be simulation shapes if part of a PxRigidStatic!
[2015.03.10-07.44.10:044][ 49]LogPhysics:Warning: PHYSX: ..\..\PhysX\src\NpShape.cpp (657) 4 : NpShape::setFlag(s): triangle mesh, heightfield and plane shapes can only be simulation shapes if part of a PxRigidStatic!
[2015.03.10-07.44.10:060][ 50]LogPhysics:Warning: PHYSX: ..\..\PhysX\src\NpShape.cpp (657) 4 : NpShape::setFlag(s): triangle mesh, heightfield and plane shapes can only be simulation shapes if part of a PxRigidStatic!
[2015.03.10-07.44.10:075][ 51]LogPhysics:Warning: PHYSX: ..\..\PhysX\src\NpShape.cpp (657) 4 : NpShape::setFlag(s): triangle mesh, heightfield and plane shapes can only be simulation shapes if part of a PxRigidStatic!
[2015.03.10-07.44.10:091][ 52]LogPhysics:Warning: PHYSX: ..\..\PhysX\src\NpShape.cpp (657) 4 : NpShape::setFlag(s): triangle mesh, heightfield and plane shapes can only be simulation shapes if part of a PxRigidStatic!
[2015.03.10-07.44.10:106][ 53]LogPhysics:Warning: PHYSX: ..\..\PhysX\src\NpShape.cpp (657) 4 : NpShape::setFlag(s): triangle mesh, heightfield and plane shapes can only be simulation shapes if part of a PxRigidStatic!
[2015.03.10-07.44.10:122][ 54]LogPhysics:Warning: PHYSX: ..\..\PhysX\src\NpShape.cpp (657) 4 : NpShape::setFlag(s): triangle mesh, heightfield and plane shapes can only be simulation shapes if part of a PxRigidStatic!
[2015.03.10-07.44.10:165][ 55]LogPhysics:Warning: PHYSX: ..\..\PhysX\src\NpShape.cpp (657) 4 : NpShape::setFlag(s): triangle mesh, heightfield and plane shapes can only be simulation shapes if part of a PxRigidStatic!
[2015.03.10-07.44.10:175][ 56]LogPhysics:Warning: PHYSX: ..\..\PhysX\src\NpShape.cpp (657) 4 : NpShape::setFlag(s): triangle mesh, heightfield and plane shapes can only be simulation shapes if part of a PxRigidStatic!
[2015.03.10-07.44.10:186][ 57]LogPhysics:Warning: PHYSX: ..\..\PhysX\src\NpShape.cpp (657) 4 : NpShape::setFlag(s): triangle mesh, heightfield and plane shapes can only be simulation shapes if part of a PxRigidStatic!
[2015.03.10-07.44.10:195][ 58]LogPhysics:Warning: PHYSX: ..\..\PhysX\src\NpShape.cpp (657) 4 : NpShape::setFlag(s): triangle mesh, heightfield and plane shapes can only be simulation shapes if part of a PxRigidStatic!
[2015.03.10-07.44.10:207][ 59]LogPhysics:Warning: PHYSX: ..\..\PhysX\src\NpShape.cpp (657) 4 : NpShape::setFlag(s): triangle mesh, heightfield and plane shapes can only be simulation shapes if part of a PxRigidStatic!
[2015.03.10-07.44.11:288][129]LogPhysics:Warning: PHYSX: ..\..\PhysX\src\NpShape.cpp (657) 4 : NpShape::setFlag(s): triangle mesh, heightfield and plane shapes can only be simulation shapes if part of a PxRigidStatic!
[2015.03.10-07.44.11:331][130]LogPhysics:Warning: PHYSX: ..\..\PhysX\src\NpShape.cpp (657) 4 : NpShape::setFlag(s): triangle mesh, heightfield and plane shapes can only be simulation shapes if part of a PxRigidStatic!
[2015.03.10-07.44.11:341][131]LogPhysics:Warning: PHYSX: ..\..\PhysX\src\NpShape.cpp (657) 4 : NpShape::setFlag(s): triangle mesh, heightfield and plane shapes can only be simulation shapes if part of a PxRigidStatic!
[2015.03.10-07.44.11:351][132]LogPhysics:Warning: PHYSX: ..\..\PhysX\src\NpShape.cpp (657) 4 : NpShape::setFlag(s): triangle mesh, heightfield and plane shapes can only be simulation shapes if part of a PxRigidStatic!
[2015.03.10-07.44.11:360][133]LogPhysics:Warning: PHYSX: ..\..\PhysX\src\NpShape.cpp (657) 4 : NpShape::setFlag(s): triangle mesh, heightfield and plane shapes can only be simulation shapes if part of a PxRigidStatic!
[2015.03.10-07.44.11:372][134]LogPhysics:Warning: PHYSX: ..\..\PhysX\src\NpShape.cpp (657) 4 : NpShape::setFlag(s): triangle mesh, heightfield and plane shapes can only be simulation shapes if part of a PxRigidStatic!
[2015.03.10-07.44.11:388][135]LogPhysics:Warning: PHYSX: ..\..\PhysX\src\NpShape.cpp (657) 4 : NpShape::setFlag(s): triangle mesh, heightfield and plane shapes can only be simulation shapes if part of a PxRigidStatic!
[2015.03.10-07.44.11:403][136]LogPhysics:Warning: PHYSX: ..\..\PhysX\src\NpShape.cpp (657) 4 : NpShape::setFlag(s): triangle mesh, heightfield and plane shapes can only be simulation shapes if part of a PxRigidStatic!
[2015.03.10-07.44.11:419][137]LogPhysics:Warning: PHYSX: ..\..\PhysX\src\NpShape.cpp (657) 4 : NpShape::setFlag(s): triangle mesh, heightfield and plane shapes can only be simulation shapes if part of a PxRigidStatic!
[2015.03.10-07.44.11:434][138]LogPhysics:Warning: PHYSX: ..\..\PhysX\src\NpShape.cpp (657) 4 : NpShape::setFlag(s): triangle mesh, heightfield and plane shapes can only be simulation shapes if part of a PxRigidStatic!
[2015.03.10-07.44.11:448][139]LogPhysics:Warning: PHYSX: ..\..\PhysX\src\NpShape.cpp (657) 4 : NpShape::setFlag(s): triangle mesh, heightfield and plane shapes can only be simulation shapes if part of a PxRigidStatic!
[2015.03.10-07.44.11:464][140]LogPhysics:Warning: PHYSX: ..\..\PhysX\src\NpShape.cpp (657) 4 : NpShape::setFlag(s): triangle mesh, heightfield and plane shapes can only be simulation shapes if part of a PxRigidStatic!
[2015.03.10-07.44.11:480][141]LogPhysics:Warning: PHYSX: ..\..\PhysX\src\NpShape.cpp (657) 4 : NpShape::setFlag(s): triangle mesh, heightfield and plane shapes can only be simulation shapes if part of a PxRigidStatic!
[2015.03.10-07.44.11:495][142]LogPhysics:Warning: PHYSX: ..\..\PhysX\src\NpShape.cpp (657) 4 : NpShape::setFlag(s): triangle mesh, heightfield and plane shapes can only be simulation shapes if part of a PxRigidStatic!
[2015.03.10-07.44.11:510][143]LogPhysics:Warning: PHYSX: ..\..\PhysX\src\NpShape.cpp (657) 4 : NpShape::setFlag(s): triangle mesh, heightfield and plane shapes can only be simulation shapes if part of a PxRigidStatic!
[2015.03.10-07.44.11:526][144]LogPhysics:Warning: PHYSX: ..\..\PhysX\src\NpShape.cpp (657) 4 : NpShape::setFlag(s): triangle mesh, heightfield and plane shapes can only be simulation shapes if part of a PxRigidStatic!
[2015.03.10-07.44.11:541][145]LogPhysics:Warning: PHYSX: ..\..\PhysX\src\NpShape.cpp (657) 4 : NpShape::setFlag(s): triangle mesh, heightfield and plane shapes can only be simulation shapes if part of a PxRigidStatic!
[2015.03.10-07.44.11:556][146]LogPhysics:Warning: PHYSX: ..\..\PhysX\src\NpShape.cpp (657) 4 : NpShape::setFlag(s): triangle mesh, heightfield and plane shapes can only be simulation shapes if part of a PxRigidStatic!
[2015.03.10-07.44.11:572][147]LogPhysics:Warning: PHYSX: ..\..\PhysX\src\NpShape.cpp (657) 4 : NpShape::setFlag(s): triangle mesh, heightfield and plane shapes can only be simulation shapes if part of a PxRigidStatic!
[2015.03.10-07.44.11:589][148]LogPhysics:Warning: PHYSX: ..\..\PhysX\src\NpShape.cpp (657) 4 : NpShape::setFlag(s): triangle mesh, heightfield and plane shapes can only be simulation shapes if part of a PxRigidStatic!
[2015.03.10-07.44.11:603][149]LogPhysics:Warning: PHYSX: ..\..\PhysX\src\NpShape.cpp (657) 4 : NpShape::setFlag(s): triangle mesh, heightfield and plane shapes can only be simulation shapes if part of a PxRigidStatic!
[2015.03.10-07.44.11:626][150]LogPhysics:Warning: PHYSX: ..\..\PhysX\src\NpShape.cpp (657) 4 : NpShape::setFlag(s): triangle mesh, heightfield and plane shapes can only be simulation shapes if part of a PxRigidStatic!
[2015.03.10-07.44.11:645][151]LogPhysics:Warning: PHYSX: ..\..\PhysX\src\NpShape.cpp (657) 4 : NpShape::setFlag(s): triangle mesh, heightfield and plane shapes can only be simulation shapes if part of a PxRigidStatic!
[2015.03.10-07.44.11:664][152]LogPhysics:Warning: PHYSX: ..\..\PhysX\src\NpShape.cpp (657) 4 : NpShape::setFlag(s): triangle mesh, heightfield and plane shapes can only be simulation shapes if part of a PxRigidStatic!
[2015.03.10-07.44.11:684][153]LogPhysics:Warning: PHYSX: ..\..\PhysX\src\NpShape.cpp (657) 4 : NpShape::setFlag(s): triangle mesh, heightfield and plane shapes can only be simulation shapes if part of a PxRigidStatic!
[2015.03.10-07.44.11:697][154]LogPhysics:Warning: PHYSX: ..\..\PhysX\src\NpShape.cpp (657) 4 : NpShape::setFlag(s): triangle mesh, heightfield and plane shapes can only be simulation shapes if part of a PxRigidStatic!
[2015.03.10-07.44.11:721][155]LogPhysics:Warning: PHYSX: ..\..\PhysX\src\NpShape.cpp (657) 4 : NpShape::setFlag(s): triangle mesh, heightfield and plane shapes can only be simulation shapes if part of a PxRigidStatic!
[2015.03.10-07.44.11:739][156]LogPhysics:Warning: PHYSX: ..\..\PhysX\src\NpShape.cpp (657) 4 : NpShape::setFlag(s): triangle mesh, heightfield and plane shapes can only be simulation shapes if part of a PxRigidStatic!
[2015.03.10-07.44.11:758][157]LogPhysics:Warning: PHYSX: ..\..\PhysX\src\NpShape.cpp (657) 4 : NpShape::setFlag(s): triangle mesh, heightfield and plane shapes can only be simulation shapes if part of a PxRigidStatic!
[2015.03.10-07.44.11:777][158]LogPhysics:Warning: PHYSX: ..\..\PhysX\src\NpShape.cpp (657) 4 : NpShape::setFlag(s): triangle mesh, heightfield and plane shapes can only be simulation shapes if part of a PxRigidStatic!
[2015.03.10-07.44.11:796][159]LogPhysics:Warning: PHYSX: ..\..\PhysX\src\NpShape.cpp (657) 4 : NpShape::setFlag(s): triangle mesh, heightfield and plane shapes can only be simulation shapes if part of a PxRigidStatic!
[2015.03.10-07.44.11:815][160]LogPhysics:Warning: PHYSX: ..\..\PhysX\src\NpShape.cpp (657) 4 : NpShape::setFlag(s): triangle mesh, heightfield and plane shapes can only be simulation shapes if part of a PxRigidStatic!
[2015.03.10-07.44.11:834][161]LogPhysics:Warning: PHYSX: ..\..\PhysX\src\NpShape.cpp (657) 4 : NpShape::setFlag(s): triangle mesh, heightfield and plane shapes can only be simulation shapes if part of a PxRigidStatic!
[2015.03.10-07.44.11:853][162]LogPhysics:Warning: PHYSX: ..\..\PhysX\src\NpShape.cpp (657) 4 : NpShape::setFlag(s): triangle mesh, heightfield and plane shapes can only be simulation shapes if part of a PxRigidStatic!
[2015.03.10-07.44.11:872][163]LogPhysics:Warning: PHYSX: ..\..\PhysX\src\NpShape.cpp (657) 4 : NpShape::setFlag(s): triangle mesh, heightfield and plane shapes can only be simulation shapes if part of a PxRigidStatic!
[2015.03.10-07.44.11:891][164]LogPhysics:Warning: PHYSX: ..\..\PhysX\src\NpShape.cpp (657) 4 : NpShape::setFlag(s): triangle mesh, heightfield and plane shapes can only be simulation shapes if part of a PxRigidStatic!
[2015.03.10-07.44.11:911][165]LogPhysics:Warning: PHYSX: ..\..\PhysX\src\NpShape.cpp (657) 4 : NpShape::setFlag(s): triangle mesh, heightfield and plane shapes can only be simulation shapes if part of a PxRigidStatic!
[2015.03.10-07.44.11:929][166]LogPhysics:Warning: PHYSX: ..\..\PhysX\src\NpShape.cpp (657) 4 : NpShape::setFlag(s): triangle mesh, heightfield and plane shapes can only be simulation shapes if part of a PxRigidStatic!
[2015.03.10-07.44.11:948][167]LogPhysics:Warning: PHYSX: ..\..\PhysX\src\NpShape.cpp (657) 4 : NpShape::setFlag(s): triangle mesh, heightfield and plane shapes can only be simulation shapes if part of a PxRigidStatic!
[2015.03.10-07.44.11:967][168]LogPhysics:Warning: PHYSX: ..\..\PhysX\src\NpShape.cpp (657) 4 : NpShape::setFlag(s): triangle mesh, heightfield and plane shapes can only be simulation shapes if part of a PxRigidStatic!
[2015.03.10-07.44.11:986][169]LogPhysics:Warning: PHYSX: ..\..\PhysX\src\NpShape.cpp (657) 4 : NpShape::setFlag(s): triangle mesh, heightfield and plane shapes can only be simulation shapes if part of a PxRigidStatic!
[2015.03.10-07.44.12:005][170]LogPhysics:Warning: PHYSX: ..\..\PhysX\src\NpShape.cpp (657) 4 : NpShape::setFlag(s): triangle mesh, heightfield and plane shapes can only be simulation shapes if part of a PxRigidStatic!
[2015.03.10-07.44.12:024][171]LogPhysics:Warning: PHYSX: ..\..\PhysX\src\NpShape.cpp (657) 4 : NpShape::setFlag(s): triangle mesh, heightfield and plane shapes can only be simulation shapes if part of a PxRigidStatic!
[2015.03.10-07.44.12:043][172]LogPhysics:Warning: PHYSX: ..\..\PhysX\src\NpShape.cpp (657) 4 : NpShape::setFlag(s): triangle mesh, heightfield and plane shapes can only be simulation shapes if part of a PxRigidStatic!
[2015.03.10-07.44.12:063][173]LogPhysics:Warning: PHYSX: ..\..\PhysX\src\NpShape.cpp (657) 4 : NpShape::setFlag(s): triangle mesh, heightfield and plane shapes can only be simulation shapes if part of a PxRigidStatic!
[2015.03.10-07.44.12:082][174]LogPhysics:Warning: PHYSX: ..\..\PhysX\src\NpShape.cpp (657) 4 : NpShape::setFlag(s): triangle mesh, heightfield and plane shapes can only be simulation shapes if part of a PxRigidStatic!
[2015.03.10-07.44.12:101][175]LogPhysics:Warning: PHYSX: ..\..\PhysX\src\NpShape.cpp (657) 4 : NpShape::setFlag(s): triangle mesh, heightfield and plane shapes can only be simulation shapes if part of a PxRigidStatic!
[2015.03.10-07.44.12:120][176]LogPhysics:Warning: PHYSX: ..\..\PhysX\src\NpShape.cpp (657) 4 : NpShape::setFlag(s): triangle mesh, heightfield and plane shapes can only be simulation shapes if part of a PxRigidStatic!
[2015.03.10-07.44.12:140][177]LogPhysics:Warning: PHYSX: ..\..\PhysX\src\NpShape.cpp (657) 4 : NpShape::setFlag(s): triangle mesh, heightfield and plane shapes can only be simulation shapes if part of a PxRigidStatic!
[2015.03.10-07.44.12:304][194]LogPhysics:Warning: PHYSX: ..\..\PhysX\src\NpShape.cpp (657) 4 : NpShape::setFlag(s): triangle mesh, heightfield and plane shapes can only be simulation shapes if part of a PxRigidStatic!
[2015.03.10-07.44.12:314][195]LogPhysics:Warning: PHYSX: ..\..\PhysX\src\NpShape.cpp (657) 4 : NpShape::setFlag(s): triangle mesh, heightfield and plane shapes can only be simulation shapes if part of a PxRigidStatic!
[2015.03.10-07.44.12:326][196]LogPhysics:Warning: PHYSX: ..\..\PhysX\src\NpShape.cpp (657) 4 : NpShape::setFlag(s): triangle mesh, heightfield and plane shapes can only be simulation shapes if part of a PxRigidStatic!
[2015.03.10-07.44.12:345][197]LogPhysics:Warning: PHYSX: ..\..\PhysX\src\NpShape.cpp (657) 4 : NpShape::setFlag(s): triangle mesh, heightfield and plane shapes can only be simulation shapes if part of a PxRigidStatic!
[2015.03.10-07.44.12:364][198]LogPhysics:Warning: PHYSX: ..\..\PhysX\src\NpShape.cpp (657) 4 : NpShape::setFlag(s): triangle mesh, heightfield and plane shapes can only be simulation shapes if part of a PxRigidStatic!
[2015.03.10-07.44.12:382][199]LogPhysics:Warning: PHYSX: ..\..\PhysX\src\NpShape.cpp (657) 4 : NpShape::setFlag(s): triangle mesh, heightfield and plane shapes can only be simulation shapes if part of a PxRigidStatic!
[2015.03.10-07.44.12:402][200]LogPhysics:Warning: PHYSX: ..\..\PhysX\src\NpShape.cpp (657) 4 : NpShape::setFlag(s): triangle mesh, heightfield and plane shapes can only be simulation shapes if part of a PxRigidStatic!
[2015.03.10-07.44.12:421][201]LogPhysics:Warning: PHYSX: ..\..\PhysX\src\NpShape.cpp (657) 4 : NpShape::setFlag(s): triangle mesh, heightfield and plane shapes can only be simulation shapes if part of a PxRigidStatic!
[2015.03.10-07.44.12:440][202]LogPhysics:Warning: PHYSX: ..\..\PhysX\src\NpShape.cpp (657) 4 : NpShape::setFlag(s): triangle mesh, heightfield and plane shapes can only be simulation shapes if part of a PxRigidStatic!
[2015.03.10-07.44.12:459][203]LogPhysics:Warning: PHYSX: ..\..\PhysX\src\NpShape.cpp (657) 4 : NpShape::setFlag(s): triangle mesh, heightfield and plane shapes can only be simulation shapes if part of a PxRigidStatic!
[2015.03.10-07.44.12:478][204]LogPhysics:Warning: PHYSX: ..\..\PhysX\src\NpShape.cpp (657) 4 : NpShape::setFlag(s): triangle mesh, heightfield and plane shapes can only be simulation shapes if part of a PxRigidStatic!
[2015.03.10-07.44.12:497][205]LogPhysics:Warning: PHYSX: ..\..\PhysX\src\NpShape.cpp (657) 4 : NpShape::setFlag(s): triangle mesh, heightfield and plane shapes can only be simulation shapes if part of a PxRigidStatic!
[2015.03.10-07.44.12:517][206]LogPhysics:Warning: PHYSX: ..\..\PhysX\src\NpShape.cpp (657) 4 : NpShape::setFlag(s): triangle mesh, heightfield and plane shapes can only be simulation shapes if part of a PxRigidStatic!
[2015.03.10-07.44.12:536][207]LogPhysics:Warning: PHYSX: ..\..\PhysX\src\NpShape.cpp (657) 4 : NpShape::setFlag(s): triangle mesh, heightfield and plane shapes can only be simulation shapes if part of a PxRigidStatic!
[2015.03.10-07.44.12:555][208]LogPhysics:Warning: PHYSX: ..\..\PhysX\src\NpShape.cpp (657) 4 : NpShape::setFlag(s): triangle mesh, heightfield and plane shapes can only be simulation shapes if part of a PxRigidStatic!
[2015.03.10-07.44.12:574][209]LogPhysics:Warning: PHYSX: ..\..\PhysX\src\NpShape.cpp (657) 4 : NpShape::setFlag(s): triangle mesh, heightfield and plane shapes can only be simulation shapes if part of a PxRigidStatic!
[2015.03.10-07.44.12:593][210]LogPhysics:Warning: PHYSX: ..\..\PhysX\src\NpShape.cpp (657) 4 : NpShape::setFlag(s): triangle mesh, heightfield and plane shapes can only be simulation shapes if part of a PxRigidStatic!
[2015.03.10-07.44.12:612][211]LogPhysics:Warning: PHYSX: ..\..\PhysX\src\NpShape.cpp (657) 4 : NpShape::setFlag(s): triangle mesh, heightfield and plane shapes can only be simulation shapes if part of a PxRigidStatic!
[2015.03.10-07.44.12:632][212]LogPhysics:Warning: PHYSX: ..\..\PhysX\src\NpShape.cpp (657) 4 : NpShape::setFlag(s): triangle mesh, heightfield and plane shapes can only be simulation shapes if part of a PxRigidStatic!
[2015.03.10-07.44.12:651][213]LogPhysics:Warning: PHYSX: ..\..\PhysX\src\NpShape.cpp (657) 4 : NpShape::setFlag(s): triangle mesh, heightfield and plane shapes can only be simulation shapes if part of a PxRigidStatic!
[2015.03.10-07.44.12:670][214]LogPhysics:Warning: PHYSX: ..\..\PhysX\src\NpShape.cpp (657) 4 : NpShape::setFlag(s): triangle mesh, heightfield and plane shapes can only be simulation shapes if part of a PxRigidStatic!
[2015.03.10-07.44.12:689][215]LogPhysics:Warning: PHYSX: ..\..\PhysX\src\NpShape.cpp (657) 4 : NpShape::setFlag(s): triangle mesh, heightfield and plane shapes can only be simulation shapes if part of a PxRigidStatic!
[2015.03.10-07.44.12:708][216]LogPhysics:Warning: PHYSX: ..\..\PhysX\src\NpShape.cpp (657) 4 : NpShape::setFlag(s): triangle mesh, heightfield and plane shapes can only be simulation shapes if part of a PxRigidStatic!
[2015.03.10-07.44.12:727][217]LogPhysics:Warning: PHYSX: ..\..\PhysX\src\NpShape.cpp (657) 4 : NpShape::setFlag(s): triangle mesh, heightfield and plane shapes can only be simulation shapes if part of a PxRigidStatic!
[2015.03.10-07.44.12:746][218]LogPhysics:Warning: PHYSX: ..\..\PhysX\src\NpShape.cpp (657) 4 : NpShape::setFlag(s): triangle mesh, heightfield and plane shapes can only be simulation shapes if part of a PxRigidStatic!
[2015.03.10-07.44.12:765][219]LogPhysics:Warning: PHYSX: ..\..\PhysX\src\NpShape.cpp (657) 4 : NpShape::setFlag(s): triangle mesh, heightfield and plane shapes can only be simulation shapes if part of a PxRigidStatic!
[2015.03.10-07.44.12:784][220]LogPhysics:Warning: PHYSX: ..\..\PhysX\src\NpShape.cpp (657) 4 : NpShape::setFlag(s): triangle mesh, heightfield and plane shapes can only be simulation shapes if part of a PxRigidStatic!
[2015.03.10-07.44.12:803][221]LogPhysics:Warning: PHYSX: ..\..\PhysX\src\NpShape.cpp (657) 4 : NpShape::setFlag(s): triangle mesh, heightfield and plane shapes can only be simulation shapes if part of a PxRigidStatic!
[2015.03.10-07.44.12:822][222]LogPhysics:Warning: PHYSX: ..\..\PhysX\src\NpShape.cpp (657) 4 : NpShape::setFlag(s): triangle mesh, heightfield and plane shapes can only be simulation shapes if part of a PxRigidStatic!
[2015.03.10-07.46.21:668][729]LogActorComponent: UnregisterComponent: (/Engine/Transient.ProjectileMovementComponent_1) Not registered. Aborting.
[2015.03.10-07.46.21:668][729]LogActorComponent: UnregisterComponent: (/Engine/Transient.CharacterMovementComponent_2) Not registered. Aborting.
[2015.03.10-07.46.21:668][729]LogActorComponent: UnregisterComponent: (/Engine/Transient.CharacterMovementComponent_3) Not registered. Aborting.
[2015.03.10-07.46.21:680][729]LogParticles: Destroying 0 GPU particle simulations for FXSystem 0x000000000D357240
[2015.03.10-07.46.21:729][729]Cmd: OBJ SAVEPACKAGE PACKAGE="/Game/Maps/Example_Map" FILE="../../../../../UE4_Projects/KinectProject/Saved/Autosaves/Game/Maps/Example_Map_Auto1.umap" SILENT=true AUTOSAVING=true KEEPDIRTY=false
[2015.03.10-07.46.22:019][729]LogSavePackage: Save=257.572815ms
[2015.03.10-07.46.22:019][729]LogSavePackage: Moving '../../../../../UE4_Projects/KinectProject/Saved/Example_Map_Auto1CA29D5AC44098C9600E36481BEF2446A.tmp' to '../../../../../UE4_Projects/KinectProject/Saved/Autosaves/Game/Maps/Example_Map_Auto1.umap'
[2015.03.10-07.46.22:041][729]LogFileHelpers: Editor autosave (incl. sublevels) for '/Game/Maps/Example_Map' took 0.373
[2015.03.10-07.46.22:041][729]LogFileHelpers: Editor autosave (incl. sublevels) for all levels took 0.373
[2015.03.10-08.02.24:147][812]LogPlayLevel: PIE:  No blueprints needed recompiling
[2015.03.10-08.02.24:147][812]PIE: New page: PIE会话: Example_Map (2015年3月11日 上午12:02:24)
[2015.03.10-08.02.24:180][812]LogPlayLevel: PIE: StaticDuplicateObject took: (0.033094s)
[2015.03.10-08.02.24:181][812]LogPlayLevel: PIE: World Init took: (0.000911s)
[2015.03.10-08.02.24:181][812]LogPlayLevel: PIE: Created PIE world by copying editor world from /Game/Maps/Example_Map.Example_Map to /Game/Maps/UEDPIE_0_Example_Map.Example_Map (0.034198s)
[2015.03.10-08.02.24:215][812]LogWorld: Game class is 'KinectBluePrintsGameMode_C'
[2015.03.10-08.02.24:217][812]LogAIModule: Creating AISystem for world Example_Map
[2015.03.10-08.02.24:218][812]LogWorld: Bringing World /Game/Maps/UEDPIE_0_Example_Map.Example_Map up for play (max tick rate 0) at 2015.03.10-16.02.24
[2015.03.10-08.02.24:218][812]LogWorld: Bringing up level for play took: 0.001534
[2015.03.10-08.02.24:238][812]PIE: 信息 /Game/Maps/UEDPIE_0_Example_Map的‘在编辑器中播放’的起始时间0.687
[2015.03.10-08.10.38:834][781]LogPropertyNode:Warning: UI Min (0.001) >= UI Max () for Ranged Numeric
[2015.03.10-08.10.38:877][781]LogParticles: Destroying 0 GPU particle simulations for FXSystem 0x000000002058A520
[2015.03.10-08.10.41:407][915]LogPlayLevel: PIE:  No blueprints needed recompiling
[2015.03.10-08.10.41:407][915]PIE: New page: PIE会话: Example_Map (2015年3月11日 上午12:10:41)
[2015.03.10-08.10.41:456][915]LogPlayLevel: PIE: StaticDuplicateObject took: (0.049495s)
[2015.03.10-08.10.41:458][915]LogPlayLevel: PIE: World Init took: (0.001062s)
[2015.03.10-08.10.41:458][915]LogPlayLevel: PIE: Created PIE world by copying editor world from /Game/Maps/Example_Map.Example_Map to /Game/Maps/UEDPIE_0_Example_Map.Example_Map (0.050819s)
[2015.03.10-08.10.41:491][915]LogWorld: Game class is 'KinectBluePrintsGameMode_C'
[2015.03.10-08.10.41:492][915]LogAIModule: Creating AISystem for world Example_Map
[2015.03.10-08.10.41:493][915]LogWorld: Bringing World /Game/Maps/UEDPIE_0_Example_Map.Example_Map up for play (max tick rate 0) at 2015.03.10-16.10.41
[2015.03.10-08.10.41:494][915]LogWorld: Bringing up level for play took: 0.001577
[2015.03.10-08.10.51:881][915]PIE: 信息 /Game/Maps/UEDPIE_0_Example_Map的‘在编辑器中播放’的起始时间10.285
[2015.03.10-08.11.05:124][810]LogPropertyNode:Warning: UI Min (0.001) >= UI Max () for Ranged Numeric
[2015.03.10-08.11.05:145][810]LogParticles: Destroying 0 GPU particle simulations for FXSystem 0x0000000025AF9300
[2015.03.10-08.17.33:202][234]LogPlayLevel: PIE:  No blueprints needed recompiling
[2015.03.10-08.17.33:202][234]PIE: New page: PIE会话: Example_Map (2015年3月11日 上午12:17:33)
[2015.03.10-08.17.33:314][234]LogPlayLevel: PIE: StaticDuplicateObject took: (0.110988s)
[2015.03.10-08.17.33:315][234]LogPlayLevel: PIE: World Init took: (0.000760s)
[2015.03.10-08.17.33:315][234]LogPlayLevel: PIE: Created PIE world by copying editor world from /Game/Maps/Example_Map.Example_Map to /Game/Maps/UEDPIE_0_Example_Map.Example_Map (0.111945s)
[2015.03.10-08.17.33:374][234]LogWorld: Game class is 'KinectBluePrintsGameMode_C'
[2015.03.10-08.17.33:377][234]LogAIModule: Creating AISystem for world Example_Map
[2015.03.10-08.17.33:379][234]LogWorld: Bringing World /Game/Maps/UEDPIE_0_Example_Map.Example_Map up for play (max tick rate 0) at 2015.03.10-16.17.33
[2015.03.10-08.17.33:380][234]LogWorld: Bringing up level for play took: 0.002457
[2015.03.10-08.17.36:336][234]PIE: 信息 /Game/Maps/UEDPIE_0_Example_Map的‘在编辑器中播放’的起始时间2.705
[2015.03.10-08.17.40:881][482]LogParticles: Destroying 0 GPU particle simulations for FXSystem 0x000000001EF885E0
[2015.03.10-08.21.37:926][459]LogPlayLevel: PIE:  No blueprints needed recompiling
[2015.03.10-08.21.37:926][459]PIE: New page: PIE会话: Example_Map (2015年3月11日 上午12:21:37)
[2015.03.10-08.21.37:948][459]LogPlayLevel: PIE: StaticDuplicateObject took: (0.020953s)
[2015.03.10-08.21.37:948][459]LogPlayLevel: PIE: World Init took: (0.000864s)
[2015.03.10-08.21.37:949][459]LogPlayLevel: PIE: Created PIE world by copying editor world from /Game/Maps/Example_Map.Example_Map to /Game/Maps/UEDPIE_0_Example_Map.Example_Map (0.022021s)
[2015.03.10-08.21.37:984][459]LogWorld: Game class is 'KinectBluePrintsGameMode_C'
[2015.03.10-08.21.37:986][459]LogAIModule: Creating AISystem for world Example_Map
[2015.03.10-08.21.37:987][459]LogWorld: Bringing World /Game/Maps/UEDPIE_0_Example_Map.Example_Map up for play (max tick rate 0) at 2015.03.10-16.21.37
[2015.03.10-08.21.37:988][459]LogWorld: Bringing up level for play took: 0.001593
[2015.03.10-08.21.40:166][459]PIE: 信息 /Game/Maps/UEDPIE_0_Example_Map的‘在编辑器中播放’的起始时间2.513
[2015.03.10-08.22.07:040][ 35]LogParticles: Destroying 0 GPU particle simulations for FXSystem 0x0000000011892DE0
[2015.03.10-08.22.19:732][825]LogPlayLevel: PIE:  No blueprints needed recompiling
[2015.03.10-08.22.19:733][825]PIE: New page: PIE会话: Example_Map (2015年3月11日 上午12:22:19)
[2015.03.10-08.22.19:753][825]LogPlayLevel: PIE: StaticDuplicateObject took: (0.019999s)
[2015.03.10-08.22.19:754][825]LogPlayLevel: PIE: World Init took: (0.000863s)
[2015.03.10-08.22.19:754][825]LogPlayLevel: PIE: Created PIE world by copying editor world from /Game/Maps/Example_Map.Example_Map to /Game/Maps/UEDPIE_0_Example_Map.Example_Map (0.021082s)
[2015.03.10-08.22.19:788][825]LogWorld: Game class is 'KinectBluePrintsGameMode_C'
[2015.03.10-08.22.19:789][825]LogAIModule: Creating AISystem for world Example_Map
[2015.03.10-08.22.19:791][825]LogWorld: Bringing World /Game/Maps/UEDPIE_0_Example_Map.Example_Map up for play (max tick rate 0) at 2015.03.10-16.22.19
[2015.03.10-08.22.19:791][825]LogWorld: Bringing up level for play took: 0.001487
[2015.03.10-08.22.22:652][825]PIE: 信息 /Game/Maps/UEDPIE_0_Example_Map的‘在编辑器中播放’的起始时间2.996
[2015.03.10-08.26.10:061][817]LogParticles: Destroying 0 GPU particle simulations for FXSystem 0x000000001EBBCD60
[2015.03.10-08.26.14:906][ 68]LogPlayLevel: PIE:  No blueprints needed recompiling
[2015.03.10-08.26.14:907][ 68]PIE: New page: PIE会话: Example_Map (2015年3月11日 上午12:26:14)
[2015.03.10-08.26.14:928][ 68]LogPlayLevel: PIE: StaticDuplicateObject took: (0.021035s)
[2015.03.10-08.26.14:929][ 68]LogPlayLevel: PIE: World Init took: (0.000896s)
[2015.03.10-08.26.14:929][ 68]LogPlayLevel: PIE: Created PIE world by copying editor world from /Game/Maps/Example_Map.Example_Map to /Game/Maps/UEDPIE_0_Example_Map.Example_Map (0.022120s)
[2015.03.10-08.26.14:964][ 68]LogWorld: Game class is 'KinectBluePrintsGameMode_C'
[2015.03.10-08.26.14:965][ 68]LogAIModule: Creating AISystem for world Example_Map
[2015.03.10-08.26.14:967][ 68]LogWorld: Bringing World /Game/Maps/UEDPIE_0_Example_Map.Example_Map up for play (max tick rate 0) at 2015.03.10-16.26.14
[2015.03.10-08.26.14:967][ 68]LogWorld: Bringing up level for play took: 0.001525
[2015.03.10-08.26.17:814][ 68]PIE: 信息 /Game/Maps/UEDPIE_0_Example_Map的‘在编辑器中播放’的起始时间2.136
[2015.03.10-08.26.37:093][223]LogParticles: Destroying 0 GPU particle simulations for FXSystem 0x0000000028A3AFC0
[2015.03.10-08.26.38:984][386]LogPlayLevel: PIE:  No blueprints needed recompiling
[2015.03.10-08.26.38:985][386]PIE: New page: PIE会话: Example_Map (2015年3月11日 上午12:26:38)
[2015.03.10-08.26.39:009][386]LogPlayLevel: PIE: StaticDuplicateObject took: (0.024026s)
[2015.03.10-08.26.39:010][386]LogPlayLevel: PIE: World Init took: (0.001122s)
[2015.03.10-08.26.39:010][386]LogPlayLevel: PIE: Created PIE world by copying editor world from /Game/Maps/Example_Map.Example_Map to /Game/Maps/UEDPIE_0_Example_Map.Example_Map (0.025326s)
[2015.03.10-08.26.39:049][386]LogWorld: Game class is 'KinectBluePrintsGameMode_C'
[2015.03.10-08.26.39:050][386]LogAIModule: Creating AISystem for world Example_Map
[2015.03.10-08.26.39:051][386]LogWorld: Bringing World /Game/Maps/UEDPIE_0_Example_Map.Example_Map up for play (max tick rate 0) at 2015.03.10-16.26.39
[2015.03.10-08.26.39:052][386]LogWorld: Bringing up level for play took: 0.001530
[2015.03.10-08.26.41:941][386]PIE: 信息 /Game/Maps/UEDPIE_0_Example_Map的‘在编辑器中播放’的起始时间2.261
[2015.03.10-08.26.47:218][711]LogParticles: Destroying 0 GPU particle simulations for FXSystem 0x000000001B03CFE0
[2015.03.10-08.28.38:741][281]LogPlayLevel: PIE:  No blueprints needed recompiling
[2015.03.10-08.28.38:741][281]PIE: New page: PIE会话: Example_Map (2015年3月11日 上午12:28:38)
[2015.03.10-08.28.38:759][281]LogPlayLevel: PIE: StaticDuplicateObject took: (0.017974s)
[2015.03.10-08.28.38:760][281]LogPlayLevel: PIE: World Init took: (0.001046s)
[2015.03.10-08.28.38:760][281]LogPlayLevel: PIE: Created PIE world by copying editor world from /Game/Maps/Example_Map.Example_Map to /Game/Maps/UEDPIE_0_Example_Map.Example_Map (0.019201s)
[2015.03.10-08.28.38:800][281]LogWorld: Game class is 'KinectBluePrintsGameMode_C'
[2015.03.10-08.28.38:801][281]LogAIModule: Creating AISystem for world Example_Map
[2015.03.10-08.28.38:803][281]LogWorld: Bringing World /Game/Maps/UEDPIE_0_Example_Map.Example_Map up for play (max tick rate 0) at 2015.03.10-16.28.38
[2015.03.10-08.28.38:803][281]LogWorld: Bringing up level for play took: 0.001533
[2015.03.10-08.28.41:521][281]PIE: 信息 /Game/Maps/UEDPIE_0_Example_Map的‘在编辑器中播放’的起始时间1.83
[2015.03.10-08.29.16:702][616]LogParticles: Destroying 0 GPU particle simulations for FXSystem 0x000000001EF882C0
[2015.03.10-12.16.47:599][ 19]Cmd: QUIT_EDITOR
[2015.03.10-12.16.48:575][ 19]LogExit: Preparing to exit.
[2015.03.10-12.16.51:679][ 19]LogExit: Editor shut down
[2015.03.10-12.16.51:686][ 19]LogExit: Transaction tracking system shut down
[2015.03.10-12.16.51:727][ 19]LogParticles: Destroying 0 GPU particle simulations for FXSystem 0x000000000E019BC0
[2015.03.10-12.16.52:972][ 19]LogParticles: Destroying 0 GPU particle simulations for FXSystem 0x000000000D2E09A0
[2015.03.10-12.16.52:972][ 19]LogParticles: Destroying 0 GPU particle simulations for FXSystem 0x000000001E43CD60
[2015.03.10-12.16.52:972][ 19]LogParticles: Destroying 0 GPU particle simulations for FXSystem 0x000000000D354860
[2015.03.10-12.16.52:972][ 19]LogExit: Object subsystem successfully closed.
[2015.03.10-12.16.55:452][ 19]LogModuleManager: Shutting down and abandoning module ExternalImagePicker (172)
[2015.03.10-12.16.55:462][ 19]LogModuleManager: Shutting down and abandoning module StaticMeshEditor (171)
[2015.03.10-12.16.55:470][ 19]LogModuleManager: Shutting down and abandoning module AndroidDeviceDetection (170)
[2015.03.10-12.16.55:471][ 19]LogModuleManager: Shutting down and abandoning module CrashTracker (169)
[2015.03.10-12.16.55:471][ 19]LogModuleManager: Shutting down and abandoning module SuperSearch (168)
[2015.03.10-12.16.55:471][ 19]LogModuleManager: Shutting down and abandoning module SceneOutliner (167)
[2015.03.10-12.16.55:471][ 19]LogModuleManager: Shutting down and abandoning module EditorWidgets (166)
[2015.03.10-12.16.55:471][ 19]LogModuleManager: Shutting down and abandoning module CollectionManager (165)
[2015.03.10-12.16.55:495][ 19]LogModuleManager: Shutting down and abandoning module StatsViewer (164)
[2015.03.10-12.16.55:496][ 19]LogModuleManager: Shutting down and abandoning module FoliageEdit (163)
[2015.03.10-12.16.55:496][ 19]LogModuleManager: Shutting down and abandoning module LandscapeEditor (162)
[2015.03.10-12.16.55:521][ 19]LogModuleManager: Shutting down and abandoning module MeshPaint (161)
[2015.03.10-12.16.55:521][ 19]LogModuleManager: Shutting down and abandoning module ActorPickerMode (160)
[2015.03.10-12.16.55:521][ 19]LogModuleManager: Shutting down and abandoning module GeometryMode (159)
[2015.03.10-12.16.55:527][ 19]LogModuleManager: Shutting down and abandoning module TextureAlignMode (158)
[2015.03.10-12.16.55:527][ 19]LogModuleManager: Shutting down and abandoning module BspMode (157)
[2015.03.10-12.16.55:527][ 19]LogModuleManager: Shutting down and abandoning module PlacementMode (156)
[2015.03.10-12.16.55:527][ 19]LogModuleManager: Shutting down and abandoning module AutomationWorker (155)
[2015.03.10-12.16.55:540][ 19]LogModuleManager: Shutting down and abandoning module CharacterAI (154)
[2015.03.10-12.16.55:540][ 19]LogModuleManager: Shutting down and abandoning module GameProjectGeneration (153)
[2015.03.10-12.16.55:563][ 19]LogModuleManager: Shutting down and abandoning module IntroTutorials (152)
[2015.03.10-12.16.55:656][ 19]LogModuleManager: Shutting down and abandoning module EditorLiveStreaming (151)
[2015.03.10-12.16.55:662][ 19]LogModuleManager: Shutting down and abandoning module HardwareTargeting (150)
[2015.03.10-12.16.55:662][ 19]LogModuleManager: Shutting down and abandoning module DeviceProfileEditor (149)
[2015.03.10-12.16.55:664][ 19]LogModuleManager: Shutting down and abandoning module UndoHistory (148)
[2015.03.10-12.16.55:665][ 19]LogModuleManager: Shutting down and abandoning module GameplayTagsEditor (147)
[2015.03.10-12.16.55:670][ 19]LogModuleManager: Shutting down and abandoning module UserFeedback (146)
[2015.03.10-12.16.55:670][ 19]LogModuleManager: Shutting down and abandoning module XmlParser (145)
[2015.03.10-12.16.55:676][ 19]LogModuleManager: Shutting down and abandoning module Blutility (144)
[2015.03.10-12.16.55:676][ 19]LogModuleManager: Shutting down and abandoning module IOSPlatformEditor (143)
[2015.03.10-12.16.55:685][ 19]LogModuleManager: Shutting down and abandoning module IOSRuntimeSettings (142)
[2015.03.10-12.16.55:685][ 19]LogModuleManager: Shutting down and abandoning module AndroidPlatformEditor (141)
[2015.03.10-12.16.55:694][ 19]LogModuleManager: Shutting down and abandoning module AndroidRuntimeSettings (140)
[2015.03.10-12.16.55:694][ 19]LogModuleManager: Shutting down and abandoning module ProjectTargetPlatformEditor (139)
[2015.03.10-12.16.55:702][ 19]LogModuleManager: Shutting down and abandoning module ProjectSettingsViewer (138)
[2015.03.10-12.16.55:703][ 19]LogModuleManager: Shutting down and abandoning module InputBindingEditor (137)
[2015.03.10-12.16.55:725][ 19]LogModuleManager: Shutting down and abandoning module EditorSettingsViewer (136)
[2015.03.10-12.16.55:726][ 19]LogModuleManager: Shutting down and abandoning module SettingsEditor (135)
[2015.03.10-12.16.55:726][ 19]LogModuleManager: Shutting down and abandoning module ProjectLauncher (134)
[2015.03.10-12.16.55:751][ 19]LogModuleManager: Shutting down and abandoning module SessionFrontend (133)
[2015.03.10-12.16.55:758][ 19]LogModuleManager: Shutting down and abandoning module ProfilerClient (132)
[2015.03.10-12.16.55:768][ 19]LogModuleManager: Shutting down and abandoning module TargetDeviceServices (131)
[2015.03.10-12.16.55:778][ 19]LogModuleManager: Shutting down and abandoning module DeviceManager (130)
[2015.03.10-12.16.55:789][ 19]LogModuleManager: Shutting down and abandoning module AutomationController (129)
[2015.03.10-12.16.55:799][ 19]LogModuleManager: Shutting down and abandoning module AutomationWindow (128)
[2015.03.10-12.16.55:810][ 19]LogModuleManager: Shutting down and abandoning module Layers (127)
[2015.03.10-12.16.55:827][ 19]LogModuleManager: Shutting down and abandoning module ComponentVisualizers (126)
[2015.03.10-12.16.55:827][ 19]LogModuleManager: Shutting down and abandoning module DetailCustomizations (125)
[2015.03.10-12.16.55:856][ 19]LogModuleManager: Shutting down and abandoning module PackagesDialog (124)
[2015.03.10-12.16.55:857][ 19]LogModuleManager: Shutting down and abandoning module AssetRegistry (123)
[2015.03.10-12.16.55:996][ 19]LogModuleManager: Shutting down and abandoning module Persona (122)
[2015.03.10-12.16.56:017][ 19]LogModuleManager: Shutting down and abandoning module Kismet (121)
[2015.03.10-12.16.56:052][ 19]LogModuleManager: Shutting down and abandoning module GraphEditor (120)
[2015.03.10-12.16.56:070][ 19]LogModuleManager: Shutting down and abandoning module ClassViewer (119)
[2015.03.10-12.16.56:081][ 19]LogModuleManager: Shutting down and abandoning module Toolbox (118)
[2015.03.10-12.16.56:081][ 19]LogModuleManager: Shutting down and abandoning module ModuleUI (117)
[2015.03.10-12.16.56:091][ 19]LogModuleManager: Shutting down and abandoning module MovieSceneTools (116)
[2015.03.10-12.16.56:151][ 19]LogModuleManager: Shutting down and abandoning module OutputLog (115)
[2015.03.10-12.16.56:151][ 19]LogModuleManager: Shutting down and abandoning module GammaUI (114)
[2015.03.10-12.16.56:159][ 19]LogModuleManager: Shutting down and abandoning module Documentation (113)
[2015.03.10-12.16.56:160][ 19]LogModuleManager: Shutting down and abandoning module GameLiveStreaming (112)
[2015.03.10-12.16.56:171][ 19]LogModuleManager: Shutting down and abandoning module StreamingPauseRendering (111)
[2015.03.10-12.16.56:171][ 19]LogModuleManager: Shutting down and abandoning module HTTP (110)
[2015.03.10-12.16.56:171][ 19]LogModuleManager: Shutting down and abandoning module AnalyticsET (109)
[2015.03.10-12.16.56:171][ 19]LogModuleManager: Shutting down and abandoning module Analytics (108)
[2015.03.10-12.16.56:171][ 19]LogModuleManager: Shutting down and abandoning module AITestSuite (107)
[2015.03.10-12.16.56:171][ 19]LogModuleManager: Shutting down and abandoning module AIModule (106)
[2015.03.10-12.16.56:182][ 19]LogModuleManager: Shutting down and abandoning module ProfilerService (105)
[2015.03.10-12.16.56:364][ 19]LogModuleManager: Shutting down and abandoning module TaskGraph (104)
[2015.03.10-12.16.56:376][ 19]LogModuleManager: Shutting down and abandoning module GameplayDebugger (103)
[2015.03.10-12.16.56:387][ 19]LogModuleManager: Shutting down and abandoning module SlateRemote (102)
[2015.03.10-12.16.56:392][ 19]LogModuleManager: Shutting down and abandoning module ScriptEditorPlugin (101)
[2015.03.10-12.16.56:392][ 19]LogModuleManager: Shutting down and abandoning module CustomMeshComponent (100)
[2015.03.10-12.16.56:392][ 19]LogModuleManager: Shutting down and abandoning module CableComponent (99)
[2015.03.10-12.16.56:392][ 19]LogModuleManager: Shutting down and abandoning module MessagingDebugger (98)
[2015.03.10-12.16.56:418][ 19]LogModuleManager: Shutting down and abandoning module MediaPlayerEditor (97)
[2015.03.10-12.16.56:431][ 19]LogModuleManager: Shutting down and abandoning module Kinect18Plugin (96)
[2015.03.10-12.16.56:431][ 19]LogModuleManager: Shutting down and abandoning module SpeedTreeImporter (95)
[2015.03.10-12.16.56:431][ 19]LogModuleManager: Shutting down and abandoning module PluginsEditor (94)
[2015.03.10-12.16.56:447][ 19]LogModuleManager: Shutting down and abandoning module EpicSurvey (93)
[2015.03.10-12.16.56:457][ 19]LogModuleManager: Shutting down and abandoning module DesktopPlatform (92)
[2015.03.10-12.16.56:484][ 19]LogModuleManager: Shutting down and abandoning module VisualStudioSourceCodeAccess (91)
[2015.03.10-12.16.56:491][ 19]LogModuleManager: Shutting down and abandoning module UObjectPlugin (90)
[2015.03.10-12.16.56:491][ 19]LogModuleManager: Shutting down and abandoning module SubversionSourceControl (89)
[2015.03.10-12.16.56:509][ 19]LogModuleManager: Shutting down and abandoning module SourceControl (88)
[2015.03.10-12.16.56:513][ 19]LogModuleManager: Shutting down and abandoning module PerforceSourceControl (87)
[2015.03.10-12.16.56:523][ 19]LogModuleManager: Shutting down and abandoning module BlankPlugin (86)
[2015.03.10-12.16.56:523][ 19]LogModuleManager: Shutting down and abandoning module SlateReflector (85)
[2015.03.10-12.16.56:534][ 19]LogModuleManager: Shutting down and abandoning module DirectoryWatcher (84)
[2015.03.10-12.16.56:547][ 19]LogModuleManager: Shutting down and abandoning module HotReload (83)
[2015.03.10-12.16.56:547][ 19]LogModuleManager: Shutting down and abandoning module MainFrame (82)
[2015.03.10-12.16.56:547][ 19]LogModuleManager: Shutting down and abandoning module LevelEditor (81)
[2015.03.10-12.16.56:608][ 19]LogModuleManager: Shutting down and abandoning module ViewportSnapping (80)
[2015.03.10-12.16.56:609][ 19]LogModuleManager: Shutting down and abandoning module SmartSnapping (79)
[2015.03.10-12.16.56:609][ 19]LogModuleManager: Shutting down and abandoning module PaperTiledImporter (78)
[2015.03.10-12.16.56:609][ 19]LogModuleManager: Shutting down and abandoning module PaperJsonImporter (77)
[2015.03.10-12.16.56:609][ 19]LogModuleManager: Shutting down and abandoning module ContentBrowser (76)
[2015.03.10-12.16.56:609][ 19]LogModuleManager: Shutting down and abandoning module Paper2DEditor (75)
[2015.03.10-12.16.56:625][ 19]LogModuleManager: Shutting down and abandoning module ScriptPlugin (74)
[2015.03.10-12.16.56:635][ 19]LogModuleManager: Shutting down and abandoning module UdpMessaging (73)
[2015.03.10-12.16.56:735][ 19]LogModuleManager: Shutting down and abandoning module Paper2D (72)
[2015.03.10-12.16.56:741][ 19]LogModuleManager: Shutting down and abandoning module UE4Game (71)
[2015.03.10-12.16.56:741][ 19]LogModuleManager: Shutting down and abandoning module WindowsMoviePlayer (70)
[2015.03.10-12.16.56:756][ 19]LogModuleManager: Shutting down and abandoning module Media (69)
[2015.03.10-12.16.56:756][ 19]LogModuleManager: Shutting down and abandoning module WmfMedia (68)
[2015.03.10-12.16.56:766][ 19]LogModuleManager: Shutting down and abandoning module OnlineBlueprintSupport (67)
[2015.03.10-12.16.56:766][ 19]LogModuleManager: Shutting down and abandoning module PropertyEditor (66)
[2015.03.10-12.16.56:789][ 19]LogModuleManager: Shutting down and abandoning module BehaviorTreeEditor (65)
[2015.03.10-12.16.56:804][ 19]LogModuleManager: Shutting down and abandoning module FunctionalTesting (64)
[2015.03.10-12.16.56:814][ 19]LogModuleManager: Shutting down and abandoning module CollisionAnalyzer (63)
[2015.03.10-12.16.56:820][ 19]LogModuleManager: Shutting down and abandoning module WorkspaceMenuStructure (62)
[2015.03.10-12.16.56:838][ 19]LogModuleManager: Shutting down and abandoning module MessageLog (61)
[2015.03.10-12.16.56:847][ 19]LogModuleManager: Shutting down and abandoning module Sequencer (60)
[2015.03.10-12.16.56:867][ 19]LogModuleManager: Shutting down and abandoning module AssetTools (59)
[2015.03.10-12.16.56:898][ 19]LogModuleManager: Shutting down and abandoning module UMGEditor (58)
[2015.03.10-12.16.56:913][ 19]LogModuleManager: Shutting down and abandoning module UMG (57)
[2015.03.10-12.16.56:933][ 19]LogModuleManager: Shutting down and abandoning module Slate (56)
[2015.03.10-12.16.56:933][ 19]LogModuleManager: Shutting down and abandoning module EditorStyle (55)
[2015.03.10-12.16.56:994][ 19]LogModuleManager: Shutting down and abandoning module SessionServices (54)
[2015.03.10-12.16.56:994][ 19]LogModuleManager: Shutting down and abandoning module SourceCodeAccess (53)
[2015.03.10-12.16.56:994][ 19]LogModuleManager: Shutting down and abandoning module HeadMountedDisplay (52)
[2015.03.10-12.16.56:995][ 19]LogModuleManager: Shutting down and abandoning module XAudio2 (51)
[2015.03.10-12.16.56:995][ 19]LogModuleManager: Shutting down and abandoning module Networking (49)
[2015.03.10-12.16.56:995][ 19]LogModuleManager: Shutting down and abandoning module Core (48)
[2015.03.10-12.16.56:995][ 19]LogModuleManager: Shutting down and abandoning module KismetCompiler (47)
[2015.03.10-12.16.57:010][ 19]LogModuleManager: Shutting down and abandoning module PhysXFormats (46)
[2015.03.10-12.16.57:011][ 19]LogModuleManager: Shutting down and abandoning module MeshUtilities (45)
[2015.03.10-12.16.57:022][ 19]LogModuleManager: Shutting down and abandoning module DerivedDataCache (44)
[2015.03.10-12.16.57:121][ 19]LogDerivedDataCache: Shutdown
[2015.03.10-12.16.57:121][ 19]LogModuleManager: Shutting down and abandoning module ShaderFormatOpenGL (43)
[2015.03.10-12.16.57:127][ 19]LogModuleManager: Shutting down and abandoning module ShaderFormatD3D (42)
[2015.03.10-12.16.57:133][ 19]LogModuleManager: Shutting down and abandoning module MetalShaderFormat (41)
[2015.03.10-12.16.57:138][ 19]LogModuleManager: Shutting down and abandoning module TextureFormatUncompressed (40)
[2015.03.10-12.16.57:138][ 19]LogModuleManager: Shutting down and abandoning module TextureFormatPVR (39)
[2015.03.10-12.16.57:138][ 19]LogModuleManager: Shutting down and abandoning module TextureFormatDXT (38)
[2015.03.10-12.16.57:139][ 19]LogModuleManager: Shutting down and abandoning module AudioFormatOpus (37)
[2015.03.10-12.16.57:147][ 19]LogModuleManager: Shutting down and abandoning module AudioFormatOgg (36)
[2015.03.10-12.16.57:148][ 19]LogModuleManager: Shutting down and abandoning module AudioFormatADPCM (35)
[2015.03.10-12.16.57:153][ 19]LogModuleManager: Shutting down and abandoning module Messaging (34)
[2015.03.10-12.16.57:153][ 19]LogModuleManager: Shutting down and abandoning module IOSTargetPlatform (33)
[2015.03.10-12.16.57:153][ 19]LogModuleManager: Shutting down and abandoning module HTML5TargetPlatform (32)
[2015.03.10-12.16.57:154][ 19]LogModuleManager: Shutting down and abandoning module Android_PVRTCTargetPlatform (31)
[2015.03.10-12.16.57:154][ 19]LogModuleManager: Shutting down and abandoning module Android_ETC2TargetPlatform (30)
[2015.03.10-12.16.57:154][ 19]LogModuleManager: Shutting down and abandoning module Android_ETC1TargetPlatform (29)
[2015.03.10-12.16.57:154][ 19]LogModuleManager: Shutting down and abandoning module Android_DXTTargetPlatform (28)
[2015.03.10-12.16.57:155][ 19]LogModuleManager: Shutting down and abandoning module Android_ATCTargetPlatform (27)
[2015.03.10-12.16.57:155][ 19]LogModuleManager: Shutting down and abandoning module AndroidTargetPlatform (26)
[2015.03.10-12.16.57:155][ 19]LogModuleManager: Shutting down and abandoning module WindowsTargetPlatform (25)
[2015.03.10-12.16.57:156][ 19]LogModuleManager: Shutting down and abandoning module WindowsServerTargetPlatform (24)
[2015.03.10-12.16.57:156][ 19]LogModuleManager: Shutting down and abandoning module WindowsNoEditorTargetPlatform (23)
[2015.03.10-12.16.57:157][ 19]LogModuleManager: Shutting down and abandoning module WindowsClientTargetPlatform (22)
[2015.03.10-12.16.57:157][ 19]LogModuleManager: Shutting down and abandoning module TargetPlatform (21)
[2015.03.10-12.16.57:166][ 19]LogModuleManager: Shutting down and abandoning module InputCore (20)
[2015.03.10-12.16.57:166][ 19]LogModuleManager: Shutting down and abandoning module Settings (19)
[2015.03.10-12.16.57:166][ 19]LogModuleManager: Shutting down and abandoning module ImageWrapper (18)
[2015.03.10-12.16.57:166][ 19]LogModuleManager: Shutting down and abandoning module OculusRift (15)
[2015.03.10-12.16.57:177][ 19]LogModuleManager: Shutting down and abandoning module ExampleDeviceProfileSelector (14)
[2015.03.10-12.16.57:177][ 19]LogModuleManager: Shutting down and abandoning module TextureCompressor (13)
[2015.03.10-12.16.57:186][ 19]LogModuleManager: Shutting down and abandoning module ShaderCore (12)
[2015.03.10-12.16.57:186][ 19]LogModuleManager: Shutting down and abandoning module Landscape (11)
[2015.03.10-12.16.57:186][ 19]LogModuleManager: Shutting down and abandoning module SlateRHIRenderer (10)
[2015.03.10-12.16.57:234][ 19]LogModuleManager: Shutting down and abandoning module OpenGLDrv (9)
[2015.03.10-12.16.57:244][ 19]LogModuleManager: Shutting down and abandoning module D3D11RHI (8)
[2015.03.10-12.16.57:244][ 19]LogModuleManager: Shutting down and abandoning module Renderer (7)
[2015.03.10-12.16.57:244][ 19]LogModuleManager: Shutting down and abandoning module Engine (6)
[2015.03.10-12.16.57:244][ 19]LogModuleManager: Shutting down and abandoning module CoreUObject (5)
[2015.03.10-12.16.57:244][ 19]LogModuleManager: Shutting down and abandoning module NetworkFile (4)
[2015.03.10-12.16.57:255][ 19]LogModuleManager: Shutting down and abandoning module StreamingFile (3)
[2015.03.10-12.16.57:258][ 19]LogModuleManager: Shutting down and abandoning module SandboxFile (2)
[2015.03.10-12.16.57:258][ 19]LogModuleManager: Shutting down and abandoning module PakFile (1)
[2015.03.10-12.16.57:267][ 19]LogExit: Exiting.
[2015.03.10-12.16.57:298][ 19]Log file closed, 03/10/15 20:16:57
